Started analysis of 4_2C_mbnl_S4_L008_R1_001.fastq.gz
Approx 5% complete for 4_2C_mbnl_S4_L008_R1_001.fastq.gz
Approx 10% complete for 4_2C_mbnl_S4_L008_R1_001.fastq.gz
Approx 15% complete for 4_2C_mbnl_S4_L008_R1_001.fastq.gz
Approx 20% complete for 4_2C_mbnl_S4_L008_R1_001.fastq.gz
Approx 25% complete for 4_2C_mbnl_S4_L008_R1_001.fastq.gz
Approx 30% complete for 4_2C_mbnl_S4_L008_R1_001.fastq.gz
Approx 35% complete for 4_2C_mbnl_S4_L008_R1_001.fastq.gz
Approx 40% complete for 4_2C_mbnl_S4_L008_R1_001.fastq.gz
Approx 45% complete for 4_2C_mbnl_S4_L008_R1_001.fastq.gz
Approx 50% complete for 4_2C_mbnl_S4_L008_R1_001.fastq.gz
Approx 55% complete for 4_2C_mbnl_S4_L008_R1_001.fastq.gz
Approx 60% complete for 4_2C_mbnl_S4_L008_R1_001.fastq.gz
Approx 65% complete for 4_2C_mbnl_S4_L008_R1_001.fastq.gz
Approx 70% complete for 4_2C_mbnl_S4_L008_R1_001.fastq.gz
Approx 75% complete for 4_2C_mbnl_S4_L008_R1_001.fastq.gz
Approx 80% complete for 4_2C_mbnl_S4_L008_R1_001.fastq.gz
Approx 85% complete for 4_2C_mbnl_S4_L008_R1_001.fastq.gz
Approx 90% complete for 4_2C_mbnl_S4_L008_R1_001.fastq.gz
Approx 95% complete for 4_2C_mbnl_S4_L008_R1_001.fastq.gz
Started analysis of 4_2C_mbnl_S4_L008_R2_001.fastq.gz
Approx 5% complete for 4_2C_mbnl_S4_L008_R2_001.fastq.gz
Approx 10% complete for 4_2C_mbnl_S4_L008_R2_001.fastq.gz
Approx 15% complete for 4_2C_mbnl_S4_L008_R2_001.fastq.gz
Approx 20% complete for 4_2C_mbnl_S4_L008_R2_001.fastq.gz
Approx 25% complete for 4_2C_mbnl_S4_L008_R2_001.fastq.gz
Approx 30% complete for 4_2C_mbnl_S4_L008_R2_001.fastq.gz
Approx 35% complete for 4_2C_mbnl_S4_L008_R2_001.fastq.gz
Approx 40% complete for 4_2C_mbnl_S4_L008_R2_001.fastq.gz
Approx 45% complete for 4_2C_mbnl_S4_L008_R2_001.fastq.gz
Approx 50% complete for 4_2C_mbnl_S4_L008_R2_001.fastq.gz
Approx 55% complete for 4_2C_mbnl_S4_L008_R2_001.fastq.gz
Approx 60% complete for 4_2C_mbnl_S4_L008_R2_001.fastq.gz
Approx 65% complete for 4_2C_mbnl_S4_L008_R2_001.fastq.gz
Approx 70% complete for 4_2C_mbnl_S4_L008_R2_001.fastq.gz
Approx 75% complete for 4_2C_mbnl_S4_L008_R2_001.fastq.gz
Approx 80% complete for 4_2C_mbnl_S4_L008_R2_001.fastq.gz
Approx 85% complete for 4_2C_mbnl_S4_L008_R2_001.fastq.gz
Approx 90% complete for 4_2C_mbnl_S4_L008_R2_001.fastq.gz
Approx 95% complete for 4_2C_mbnl_S4_L008_R2_001.fastq.gz
	Command being timed: "fastqc -o fastqc_output/ /projects/bgmp/shared/2017_sequencing/demultiplexed/4_2C_mbnl_S4_L008_R1_001.fastq.gz /projects/bgmp/shared/2017_sequencing/demultiplexed/4_2C_mbnl_S4_L008_R2_001.fastq.gz"
	User time (seconds): 99.51
	System time (seconds): 4.23
	Percent of CPU this job got: 95%
	Elapsed (wall clock) time (h:mm:ss or m:ss): 1:48.56
	Average shared text size (kbytes): 0
	Average unshared data size (kbytes): 0
	Average stack size (kbytes): 0
	Average total size (kbytes): 0
	Maximum resident set size (kbytes): 191896
	Average resident set size (kbytes): 0
	Major (requiring I/O) page faults: 0
	Minor (reclaiming a frame) page faults: 77284
	Voluntary context switches: 9077
	Involuntary context switches: 3334
	Swaps: 0
	File system inputs: 0
	File system outputs: 4368
	Socket messages sent: 0
	Socket messages received: 0
	Signals delivered: 0
	Page size (bytes): 4096
	Exit status: 0
Started analysis of 34_4H_both_S24_L008_R1_001.fastq.gz
Approx 5% complete for 34_4H_both_S24_L008_R1_001.fastq.gz
Approx 10% complete for 34_4H_both_S24_L008_R1_001.fastq.gz
Approx 15% complete for 34_4H_both_S24_L008_R1_001.fastq.gz
Approx 20% complete for 34_4H_both_S24_L008_R1_001.fastq.gz
Approx 25% complete for 34_4H_both_S24_L008_R1_001.fastq.gz
Approx 30% complete for 34_4H_both_S24_L008_R1_001.fastq.gz
Approx 35% complete for 34_4H_both_S24_L008_R1_001.fastq.gz
Approx 40% complete for 34_4H_both_S24_L008_R1_001.fastq.gz
Approx 45% complete for 34_4H_both_S24_L008_R1_001.fastq.gz
Approx 50% complete for 34_4H_both_S24_L008_R1_001.fastq.gz
Approx 55% complete for 34_4H_both_S24_L008_R1_001.fastq.gz
Approx 60% complete for 34_4H_both_S24_L008_R1_001.fastq.gz
Approx 65% complete for 34_4H_both_S24_L008_R1_001.fastq.gz
Approx 70% complete for 34_4H_both_S24_L008_R1_001.fastq.gz
Approx 75% complete for 34_4H_both_S24_L008_R1_001.fastq.gz
Approx 80% complete for 34_4H_both_S24_L008_R1_001.fastq.gz
Approx 85% complete for 34_4H_both_S24_L008_R1_001.fastq.gz
Approx 90% complete for 34_4H_both_S24_L008_R1_001.fastq.gz
Approx 95% complete for 34_4H_both_S24_L008_R1_001.fastq.gz
Started analysis of 34_4H_both_S24_L008_R2_001.fastq.gz
Approx 5% complete for 34_4H_both_S24_L008_R2_001.fastq.gz
Approx 10% complete for 34_4H_both_S24_L008_R2_001.fastq.gz
Approx 15% complete for 34_4H_both_S24_L008_R2_001.fastq.gz
Approx 20% complete for 34_4H_both_S24_L008_R2_001.fastq.gz
Approx 25% complete for 34_4H_both_S24_L008_R2_001.fastq.gz
Approx 30% complete for 34_4H_both_S24_L008_R2_001.fastq.gz
Approx 35% complete for 34_4H_both_S24_L008_R2_001.fastq.gz
Approx 40% complete for 34_4H_both_S24_L008_R2_001.fastq.gz
Approx 45% complete for 34_4H_both_S24_L008_R2_001.fastq.gz
Approx 50% complete for 34_4H_both_S24_L008_R2_001.fastq.gz
Approx 55% complete for 34_4H_both_S24_L008_R2_001.fastq.gz
Approx 60% complete for 34_4H_both_S24_L008_R2_001.fastq.gz
Approx 65% complete for 34_4H_both_S24_L008_R2_001.fastq.gz
Approx 70% complete for 34_4H_both_S24_L008_R2_001.fastq.gz
Approx 75% complete for 34_4H_both_S24_L008_R2_001.fastq.gz
Approx 80% complete for 34_4H_both_S24_L008_R2_001.fastq.gz
Approx 85% complete for 34_4H_both_S24_L008_R2_001.fastq.gz
Approx 90% complete for 34_4H_both_S24_L008_R2_001.fastq.gz
Approx 95% complete for 34_4H_both_S24_L008_R2_001.fastq.gz
	Command being timed: "fastqc -o fastqc_output/ /projects/bgmp/shared/2017_sequencing/demultiplexed/34_4H_both_S24_L008_R1_001.fastq.gz /projects/bgmp/shared/2017_sequencing/demultiplexed/34_4H_both_S24_L008_R2_001.fastq.gz"
	User time (seconds): 87.43
	System time (seconds): 3.69
	Percent of CPU this job got: 98%
	Elapsed (wall clock) time (h:mm:ss or m:ss): 1:32.68
	Average shared text size (kbytes): 0
	Average unshared data size (kbytes): 0
	Average stack size (kbytes): 0
	Average total size (kbytes): 0
	Maximum resident set size (kbytes): 205588
	Average resident set size (kbytes): 0
	Major (requiring I/O) page faults: 0
	Minor (reclaiming a frame) page faults: 80193
	Voluntary context switches: 7663
	Involuntary context switches: 3016
	Swaps: 0
	File system inputs: 0
	File system outputs: 4352
	Socket messages sent: 0
	Socket messages received: 0
	Signals delivered: 0
	Page size (bytes): 4096
	Exit status: 0
