	Command being timed: "./mean_qual.py -f /projects/bgmp/shared/2017_sequencing/demultiplexed/34_4H_both_S24_L008_R2_001.fastq.gz -l 101 -o 34_R2.png"
	User time (seconds): 162.01
	System time (seconds): 0.32
	Percent of CPU this job got: 99%
	Elapsed (wall clock) time (h:mm:ss or m:ss): 2:42.83
	Average shared text size (kbytes): 0
	Average unshared data size (kbytes): 0
	Average stack size (kbytes): 0
	Average total size (kbytes): 0
	Maximum resident set size (kbytes): 64648
	Average resident set size (kbytes): 0
	Major (requiring I/O) page faults: 0
	Minor (reclaiming a frame) page faults: 14863
	Voluntary context switches: 499
	Involuntary context switches: 434
	Swaps: 0
	File system inputs: 0
	File system outputs: 0
	Socket messages sent: 0
	Socket messages received: 0
	Signals delivered: 0
	Page size (bytes): 4096
	Exit status: 0
