	Command being timed: "./mean_qual.py -f /projects/bgmp/shared/2017_sequencing/demultiplexed/4_2C_mbnl_S4_L008_R1_001.fastq.gz -l 101 -o 4_R1.png"
	User time (seconds): 159.24
	System time (seconds): 0.36
	Percent of CPU this job got: 95%
	Elapsed (wall clock) time (h:mm:ss or m:ss): 2:47.00
	Average shared text size (kbytes): 0
	Average unshared data size (kbytes): 0
	Average stack size (kbytes): 0
	Average total size (kbytes): 0
	Maximum resident set size (kbytes): 68816
	Average resident set size (kbytes): 0
	Major (requiring I/O) page faults: 0
	Minor (reclaiming a frame) page faults: 14854
	Voluntary context switches: 3079
	Involuntary context switches: 474
	Swaps: 0
	File system inputs: 0
	File system outputs: 0
	Socket messages sent: 0
	Socket messages received: 0
	Signals delivered: 0
	Page size (bytes): 4096
	Exit status: 0
