This is cutadapt 4.9 with Python 3.12.5
Command line parameters: -a AGATCGGAAGAGCACACGTCTGAACTCCAGTCA -A AGATCGGAAGAGCGTCGTGTAGGGAAAGAGTGT -o cutadapt_4_1.fastq.gz -p cutadapt_4_2.fastq.gz /projects/bgmp/shared/2017_sequencing/demultiplexed/4_2C_mbnl_S4_L008_R1_001.fastq.gz /projects/bgmp/shared/2017_sequencing/demultiplexed/4_2C_mbnl_S4_L008_R2_001.fastq.gz
Processing paired-end reads on 1 core ...
Finished in 134.208 s (14.485 µs/read; 4.14 M reads/minute).

=== Summary ===

Total read pairs processed:          9,265,284
  Read 1 with adapter:                 570,274 (6.2%)
  Read 2 with adapter:                 637,307 (6.9%)
Pairs written (passing filters):     9,265,284 (100.0%)

Total basepairs processed: 1,871,587,368 bp
  Read 1:   935,793,684 bp
  Read 2:   935,793,684 bp
Total written (filtered):  1,855,605,260 bp (99.1%)
  Read 1:   927,955,998 bp
  Read 2:   927,649,262 bp

=== First read: Adapter 1 ===

Sequence: AGATCGGAAGAGCACACGTCTGAACTCCAGTCA; Type: regular 3'; Length: 33; Trimmed: 570274 times

Minimum overlap: 3
No. of allowed errors:
1-9 bp: 0; 10-19 bp: 1; 20-29 bp: 2; 30-33 bp: 3

Bases preceding removed adapters:
  A: 16.4%
  C: 27.7%
  G: 39.7%
  T: 15.7%
  none/other: 0.5%

Overview of removed sequences
length	count	expect	max.err	error counts
3	177203	144770.1	0	177203
4	48188	36192.5	0	48188
5	23665	9048.1	0	23665
6	15704	2262.0	0	15704
7	14632	565.5	0	14632
8	14181	141.4	0	14181
9	14184	35.3	0	13971 213
10	14141	8.8	1	13646 495
11	13100	2.2	1	12691 409
12	12633	0.6	1	12264 369
13	12489	0.1	1	12137 352
14	11733	0.0	1	11394 339
15	11320	0.0	1	10979 341
16	11157	0.0	1	10763 394
17	10675	0.0	1	10301 374
18	9922	0.0	1	9531 378 13
19	9650	0.0	1	9241 396 13
20	9124	0.0	2	8739 336 49
21	8902	0.0	2	8522 332 48
22	8625	0.0	2	8216 361 48
23	7794	0.0	2	7416 330 48
24	7421	0.0	2	7050 314 57
25	7266	0.0	2	6909 329 28
26	6841	0.0	2	6522 272 47
27	6351	0.0	2	6001 294 48 8
28	5951	0.0	2	5612 287 47 5
29	5758	0.0	2	5407 307 41 3
30	5160	0.0	3	4839 265 38 18
31	4869	0.0	3	4536 281 39 13
32	4473	0.0	3	4161 258 31 23
33	4110	0.0	3	3822 244 31 13
34	3948	0.0	3	3698 206 29 15
35	3608	0.0	3	3394 179 25 10
36	3334	0.0	3	3132 169 21 12
37	3072	0.0	3	2911 133 20 8
38	2885	0.0	3	2722 132 22 9
39	2781	0.0	3	2616 142 19 4
40	2490	0.0	3	2344 132 11 3
41	2259	0.0	3	2135 101 18 5
42	2160	0.0	3	2014 123 16 7
43	1933	0.0	3	1826 96 8 3
44	1633	0.0	3	1541 76 8 8
45	1604	0.0	3	1494 92 12 6
46	1442	0.0	3	1357 77 4 4
47	1327	0.0	3	1250 71 4 2
48	1294	0.0	3	1213 74 4 3
49	1215	0.0	3	1143 68 3 1
50	1163	0.0	3	1090 60 10 3
51	1120	0.0	3	1066 47 6 1
52	948	0.0	3	896 43 4 5
53	854	0.0	3	799 47 7 1
54	781	0.0	3	738 37 4 2
55	712	0.0	3	675 27 8 2
56	613	0.0	3	571 34 7 1
57	643	0.0	3	603 36 3 1
58	580	0.0	3	546 27 6 1
59	600	0.0	3	560 35 4 1
60	558	0.0	3	519 38 0 1
61	486	0.0	3	459 22 4 1
62	451	0.0	3	426 19 4 2
63	427	0.0	3	397 27 2 1
64	395	0.0	3	375 19 0 1
65	345	0.0	3	328 16 0 1
66	348	0.0	3	337 7 2 2
67	305	0.0	3	286 17 1 1
68	289	0.0	3	275 11 2 1
69	288	0.0	3	272 14 1 1
70	260	0.0	3	247 12 0 1
71	185	0.0	3	179 4 1 1
72	185	0.0	3	177 6 1 1
73	172	0.0	3	168 3 1
74	118	0.0	3	114 3 1
75	90	0.0	3	88 2
76	76	0.0	3	69 6 1
77	48	0.0	3	44 3 1
78	42	0.0	3	40 2
79	37	0.0	3	37
80	17	0.0	3	16 1
81	15	0.0	3	15
82	11	0.0	3	9 2
83	21	0.0	3	20 0 1
84	9	0.0	3	8 1
85	11	0.0	3	11
86	14	0.0	3	12 2
87	10	0.0	3	9 1
88	8	0.0	3	5 3
89	9	0.0	3	9
90	9	0.0	3	9
91	5	0.0	3	4 1
92	3	0.0	3	3
93	5	0.0	3	5
94	2	0.0	3	2
95	6	0.0	3	6
96	11	0.0	3	9 1 1
97	4	0.0	3	4
98	4	0.0	3	3 1
99	5	0.0	3	5
100	3	0.0	3	1 1 0 1
101	2766	0.0	3	6 2047 672 41


=== Second read: Adapter 2 ===

Sequence: AGATCGGAAGAGCGTCGTGTAGGGAAAGAGTGT; Type: regular 3'; Length: 33; Trimmed: 637307 times

Minimum overlap: 3
No. of allowed errors:
1-9 bp: 0; 10-19 bp: 1; 20-29 bp: 2; 30-33 bp: 3

Bases preceding removed adapters:
  A: 17.8%
  C: 28.8%
  G: 43.3%
  T: 9.7%
  none/other: 0.4%

Overview of removed sequences
length	count	expect	max.err	error counts
3	227177	144770.1	0	227177
4	58404	36192.5	0	58404
5	25827	9048.1	0	25827
6	16798	2262.0	0	16798
7	14896	565.5	0	14896
8	14291	141.4	0	14291
9	14378	35.3	0	14100 278
10	14373	8.8	1	13784 589
11	13291	2.2	1	12779 512
12	12784	0.6	1	12470 314
13	12567	0.1	1	12235 332
14	11815	0.0	1	11547 268
15	11406	0.0	1	11058 348
16	11258	0.0	1	10923 335
17	10734	0.0	1	10347 387
18	9976	0.0	1	9611 365
19	9713	0.0	1	9346 358 9
20	9192	0.0	2	8798 346 48
21	8950	0.0	2	8549 364 37
22	8691	0.0	2	8323 334 34
23	7868	0.0	2	7521 306 41
24	7470	0.0	2	7087 339 44
25	7326	0.0	2	6922 346 58
26	6894	0.0	2	6548 304 42
27	6393	0.0	2	6068 271 52 2
28	6007	0.0	2	5659 308 39 1
29	5822	0.0	2	5478 290 47 7
30	5218	0.0	3	4906 262 41 9
31	4908	0.0	3	4496 353 48 11
32	4531	0.0	3	4206 261 46 18
33	4142	0.0	3	3841 251 38 12
34	3985	0.0	3	3718 204 44 19
35	3648	0.0	3	3399 206 36 7
36	3354	0.0	3	3146 169 27 12
37	3111	0.0	3	2892 180 23 16
38	2925	0.0	3	2724 157 27 17
39	2825	0.0	3	2611 165 29 20
40	2520	0.0	3	2381 102 23 14
41	2298	0.0	3	2126 142 20 10
42	2192	0.0	3	2053 109 18 12
43	1969	0.0	3	1840 106 18 5
44	1657	0.0	3	1556 84 9 8
45	1638	0.0	3	1551 66 13 8
46	1467	0.0	3	1361 79 11 16
47	1366	0.0	3	1256 81 19 10
48	1335	0.0	3	1240 71 14 10
49	1244	0.0	3	1156 70 12 6
50	1196	0.0	3	1106 66 14 10
51	1155	0.0	3	1077 61 11 6
52	968	0.0	3	893 60 9 6
53	887	0.0	3	809 61 5 12
54	804	0.0	3	745 40 12 7
55	750	0.0	3	692 41 8 9
56	629	0.0	3	574 39 10 6
57	670	0.0	3	609 42 11 8
58	616	0.0	3	572 28 8 8
59	624	0.0	3	561 51 8 4
60	576	0.0	3	532 31 8 5
61	507	0.0	3	467 33 4 3
62	470	0.0	3	431 30 7 2
63	451	0.0	3	412 25 9 5
64	417	0.0	3	382 23 7 5
65	366	0.0	3	342 17 6 1
66	360	0.0	3	325 24 7 4
67	326	0.0	3	295 22 8 1
68	310	0.0	3	283 20 4 3
69	307	0.0	3	271 20 9 7
70	280	0.0	3	258 16 5 1
71	201	0.0	3	180 15 5 1
72	197	0.0	3	177 15 2 3
73	185	0.0	3	166 13 2 4
74	138	0.0	3	122 6 8 2
75	99	0.0	3	94 4 1
76	86	0.0	3	76 8 1 1
77	62	0.0	3	52 3 5 2
78	48	0.0	3	40 5 2 1
79	40	0.0	3	34 4 1 1
80	21	0.0	3	15 1 2 3
81	16	0.0	3	14 1 1
82	14	0.0	3	11 0 1 2
83	26	0.0	3	24 2
84	13	0.0	3	9 0 4
85	11	0.0	3	11
86	15	0.0	3	14 0 0 1
87	10	0.0	3	10
88	9	0.0	3	8 0 0 1
89	9	0.0	3	8 1
90	9	0.0	3	6 2 1
91	6	0.0	3	5 1
92	5	0.0	3	3 0 1 1
93	5	0.0	3	4 1
94	2	0.0	3	1 1
95	6	0.0	3	6
96	11	0.0	3	6 5
97	4	0.0	3	4
98	4	0.0	3	2 2
99	6	0.0	3	3 2 1
100	2	0.0	3	0 0 0 2
101	2744	0.0	3	1 2018 675 50
This is cutadapt 4.9 with Python 3.12.5
Command line parameters: -a AGATCGGAAGAGCACACGTCTGAACTCCAGTCA -A AGATCGGAAGAGCGTCGTGTAGGGAAAGAGTGT -o cutadapt_34_1.fastq.gz -p cutadapt_34_2.fastq.gz /projects/bgmp/shared/2017_sequencing/demultiplexed/34_4H_both_S24_L008_R1_001.fastq.gz /projects/bgmp/shared/2017_sequencing/demultiplexed/34_4H_both_S24_L008_R2_001.fastq.gz
Processing paired-end reads on 1 core ...
Finished in 133.557 s (14.773 µs/read; 4.06 M reads/minute).

=== Summary ===

Total read pairs processed:          9,040,597
  Read 1 with adapter:                 819,166 (9.1%)
  Read 2 with adapter:                 886,595 (9.8%)
Pairs written (passing filters):     9,040,597 (100.0%)

Total basepairs processed: 1,826,200,594 bp
  Read 1:   913,100,297 bp
  Read 2:   913,100,297 bp
Total written (filtered):  1,794,133,473 bp (98.2%)
  Read 1:   897,212,777 bp
  Read 2:   896,920,696 bp

=== First read: Adapter 1 ===

Sequence: AGATCGGAAGAGCACACGTCTGAACTCCAGTCA; Type: regular 3'; Length: 33; Trimmed: 819166 times

Minimum overlap: 3
No. of allowed errors:
1-9 bp: 0; 10-19 bp: 1; 20-29 bp: 2; 30-33 bp: 3

Bases preceding removed adapters:
  A: 14.1%
  C: 27.7%
  G: 41.0%
  T: 15.5%
  none/other: 1.7%

Overview of removed sequences
length	count	expect	max.err	error counts
3	174509	141259.3	0	174509
4	50756	35314.8	0	50756
5	26267	8828.7	0	26267
6	19436	2207.2	0	19436
7	18757	551.8	0	18757
8	18058	137.9	0	18058
9	17907	34.5	0	17689 218
10	18265	8.6	1	17689 576
11	17559	2.2	1	17030 529
12	17328	0.5	1	16850 478
13	17290	0.1	1	16835 455
14	16585	0.0	1	16075 510
15	16689	0.0	1	16168 521
16	16311	0.0	1	15775 536
17	16039	0.0	1	15524 515
18	15567	0.0	1	15025 538 4
19	15214	0.0	1	14721 470 23
20	14972	0.0	2	14371 528 73
21	14526	0.0	2	13960 486 80
22	14157	0.0	2	13527 549 81
23	13814	0.0	2	13216 520 78
24	13635	0.0	2	13052 523 60
25	13315	0.0	2	12687 554 74
26	13000	0.0	2	12342 588 70
27	12495	0.0	2	11929 495 69 2
28	12231	0.0	2	11600 554 73 4
29	11682	0.0	2	11057 537 83 5
30	11100	0.0	3	10523 488 71 18
31	11001	0.0	3	10368 527 78 28
32	10367	0.0	3	9799 485 63 20
33	9805	0.0	3	9245 462 73 25
34	9662	0.0	3	9075 495 70 22
35	8915	0.0	3	8446 399 57 13
36	8770	0.0	3	8271 424 57 18
37	8455	0.0	3	8025 367 43 20
38	7932	0.0	3	7538 342 33 19
39	7674	0.0	3	7278 336 43 17
40	7242	0.0	3	6886 301 40 15
41	6648	0.0	3	6285 310 39 14
42	6239	0.0	3	5936 272 22 9
43	5628	0.0	3	5378 221 21 8
44	5181	0.0	3	4965 184 26 6
45	4810	0.0	3	4562 208 27 13
46	4484	0.0	3	4268 196 17 3
47	4087	0.0	3	3921 145 17 4
48	3841	0.0	3	3637 184 17 3
49	3687	0.0	3	3497 173 11 6
50	3268	0.0	3	3147 110 7 4
51	3075	0.0	3	2935 123 14 3
52	2802	0.0	3	2677 111 9 5
53	2444	0.0	3	2335 94 11 4
54	2147	0.0	3	2039 92 15 1
55	1966	0.0	3	1883 71 10 2
56	1730	0.0	3	1660 62 5 3
57	1548	0.0	3	1465 72 6 5
58	1508	0.0	3	1439 61 7 1
59	1406	0.0	3	1347 49 5 5
60	1302	0.0	3	1241 59 1 1
61	1188	0.0	3	1142 43 2 1
62	1074	0.0	3	1023 46 3 2
63	975	0.0	3	922 44 8 1
64	810	0.0	3	781 26 3
65	718	0.0	3	686 29 2 1
66	632	0.0	3	610 21 1
67	630	0.0	3	611 16 3
68	562	0.0	3	544 15 3
69	509	0.0	3	485 21 1 2
70	416	0.0	3	394 17 4 1
71	394	0.0	3	383 10 1
72	325	0.0	3	314 8 3
73	241	0.0	3	232 7 1 1
74	202	0.0	3	191 8 2 1
75	140	0.0	3	134 5 0 1
76	83	0.0	3	77 5 1
77	80	0.0	3	72 5 2 1
78	71	0.0	3	68 2 1
79	58	0.0	3	55 2 1
80	25	0.0	3	22 3
81	33	0.0	3	29 4
82	37	0.0	3	36 1
83	41	0.0	3	36 5
84	39	0.0	3	36 3
85	41	0.0	3	40 1
86	34	0.0	3	34
87	60	0.0	3	58 2
88	52	0.0	3	52
89	52	0.0	3	51 1
90	38	0.0	3	36 2
91	41	0.0	3	39 2
92	46	0.0	3	44 2
93	30	0.0	3	29 1
94	27	0.0	3	24 2 0 1
95	31	0.0	3	30 1
96	44	0.0	3	39 3 1 1
97	34	0.0	3	30 2 1 1
98	42	0.0	3	40 2
99	18	0.0	3	15 1 1 1
100	11	0.0	3	9 2
101	14194	0.0	3	21 10189 3792 192


=== Second read: Adapter 2 ===

Sequence: AGATCGGAAGAGCGTCGTGTAGGGAAAGAGTGT; Type: regular 3'; Length: 33; Trimmed: 886595 times

Minimum overlap: 3
No. of allowed errors:
1-9 bp: 0; 10-19 bp: 1; 20-29 bp: 2; 30-33 bp: 3

Bases preceding removed adapters:
  A: 15.5%
  C: 28.5%
  G: 44.2%
  T: 10.2%
  none/other: 1.6%

Overview of removed sequences
length	count	expect	max.err	error counts
3	227244	141259.3	0	227244
4	58689	35314.8	0	58689
5	28665	8828.7	0	28665
6	20504	2207.2	0	20504
7	19015	551.8	0	19015
8	18112	137.9	0	18112
9	18082	34.5	0	17722 360
10	18483	8.6	1	17799 684
11	17778	2.2	1	17233 545
12	17465	0.5	1	17044 421
13	17367	0.1	1	16902 465
14	16683	0.0	1	16210 473
15	16756	0.0	1	16184 572
16	16401	0.0	1	15859 542
17	16136	0.0	1	15558 578
18	15642	0.0	1	15020 616 6
19	15294	0.0	1	14694 583 17
20	15025	0.0	2	14359 598 68
21	14563	0.0	2	13899 587 77
22	14244	0.0	2	13591 583 70
23	13887	0.0	2	13246 579 62
24	13693	0.0	2	12991 629 73
25	13349	0.0	2	12624 653 72
26	13059	0.0	2	12379 605 75
27	12535	0.0	2	11821 612 93 9
28	12283	0.0	2	11598 591 89 5
29	11733	0.0	2	10996 599 127 11
30	11130	0.0	3	10455 565 88 22
31	11040	0.0	3	10274 647 93 26
32	10404	0.0	3	9702 573 96 33
33	9848	0.0	3	9210 544 71 23
34	9676	0.0	3	9060 511 77 28
35	8952	0.0	3	8388 471 69 24
36	8791	0.0	3	8276 427 63 25
37	8485	0.0	3	7921 470 61 33
38	7967	0.0	3	7510 386 53 18
39	7705	0.0	3	7173 435 65 32
40	7286	0.0	3	6852 346 54 34
41	6687	0.0	3	6334 294 38 21
42	6263	0.0	3	5886 315 41 21
43	5651	0.0	3	5343 266 25 17
44	5202	0.0	3	4895 247 34 26
45	4830	0.0	3	4538 242 26 24
46	4505	0.0	3	4243 218 24 20
47	4110	0.0	3	3876 188 25 21
48	3867	0.0	3	3614 217 19 17
49	3701	0.0	3	3459 207 22 13
50	3300	0.0	3	3064 191 29 16
51	3110	0.0	3	2921 156 20 13
52	2828	0.0	3	2668 140 9 11
53	2466	0.0	3	2302 135 19 10
54	2172	0.0	3	2017 133 15 7
55	1985	0.0	3	1853 111 12 9
56	1772	0.0	3	1653 90 21 8
57	1577	0.0	3	1477 83 10 7
58	1533	0.0	3	1443 70 16 4
59	1426	0.0	3	1328 80 12 6
60	1321	0.0	3	1238 64 14 5
61	1211	0.0	3	1130 68 7 6
62	1102	0.0	3	1030 53 8 11
63	1000	0.0	3	939 46 10 5
64	824	0.0	3	771 46 3 4
65	736	0.0	3	678 45 8 5
66	658	0.0	3	619 30 4 5
67	650	0.0	3	603 40 5 2
68	578	0.0	3	541 29 6 2
69	527	0.0	3	483 28 10 6
70	431	0.0	3	386 40 2 3
71	419	0.0	3	370 34 10 5
72	340	0.0	3	313 19 6 2
73	256	0.0	3	230 19 3 4
74	214	0.0	3	190 15 6 3
75	157	0.0	3	142 10 4 1
76	94	0.0	3	85 6 2 1
77	94	0.0	3	81 7 4 2
78	88	0.0	3	75 7 1 5
79	65	0.0	3	58 2 2 3
80	29	0.0	3	23 6
81	34	0.0	3	32 1 0 1
82	42	0.0	3	38 1 1 2
83	42	0.0	3	37 4 1
84	40	0.0	3	35 3 1 1
85	42	0.0	3	40 1 1
86	35	0.0	3	30 4 0 1
87	62	0.0	3	55 4 1 2
88	52	0.0	3	46 6
89	55	0.0	3	44 9 0 2
90	38	0.0	3	28 10
91	42	0.0	3	33 5 3 1
92	47	0.0	3	33 13 0 1
93	31	0.0	3	25 5 1
94	29	0.0	3	15 12 1 1
95	33	0.0	3	18 13 0 2
96	42	0.0	3	23 16 2 1
97	36	0.0	3	18 9 7 2
98	45	0.0	3	19 18 5 3
99	22	0.0	3	12 3 3 4
100	20	0.0	3	4 4 3 9
101	14056	0.0	3	5 9862 3940 249
