	Command being timed: "cutadapt -a AGATCGGAAGAGCACACGTCTGAACTCCAGTCA -A AGATCGGAAGAGCGTCGTGTAGGGAAAGAGTGT -o cutadapt_4_1.fastq.gz -p cutadapt_4_2.fastq.gz /projects/bgmp/shared/2017_sequencing/demultiplexed/4_2C_mbnl_S4_L008_R1_001.fastq.gz /projects/bgmp/shared/2017_sequencing/demultiplexed/4_2C_mbnl_S4_L008_R2_001.fastq.gz"
	User time (seconds): 133.21
	System time (seconds): 0.32
	Percent of CPU this job got: 97%
	Elapsed (wall clock) time (h:mm:ss or m:ss): 2:17.10
	Average shared text size (kbytes): 0
	Average unshared data size (kbytes): 0
	Average stack size (kbytes): 0
	Average total size (kbytes): 0
	Maximum resident set size (kbytes): 38128
	Average resident set size (kbytes): 0
	Major (requiring I/O) page faults: 0
	Minor (reclaiming a frame) page faults: 7066
	Voluntary context switches: 1174
	Involuntary context switches: 366
	Swaps: 0
	File system inputs: 0
	File system outputs: 0
	Socket messages sent: 0
	Socket messages received: 0
	Signals delivered: 0
	Page size (bytes): 4096
	Exit status: 0
	Command being timed: "cutadapt -a AGATCGGAAGAGCACACGTCTGAACTCCAGTCA -A AGATCGGAAGAGCGTCGTGTAGGGAAAGAGTGT -o cutadapt_34_1.fastq.gz -p cutadapt_34_2.fastq.gz /projects/bgmp/shared/2017_sequencing/demultiplexed/34_4H_both_S24_L008_R1_001.fastq.gz /projects/bgmp/shared/2017_sequencing/demultiplexed/34_4H_both_S24_L008_R2_001.fastq.gz"
	User time (seconds): 132.65
	System time (seconds): 0.28
	Percent of CPU this job got: 98%
	Elapsed (wall clock) time (h:mm:ss or m:ss): 2:14.51
	Average shared text size (kbytes): 0
	Average unshared data size (kbytes): 0
	Average stack size (kbytes): 0
	Average total size (kbytes): 0
	Maximum resident set size (kbytes): 38352
	Average resident set size (kbytes): 0
	Major (requiring I/O) page faults: 0
	Minor (reclaiming a frame) page faults: 7569
	Voluntary context switches: 1056
	Involuntary context switches: 355
	Swaps: 0
	File system inputs: 0
	File system outputs: 0
	Socket messages sent: 0
	Socket messages received: 0
	Signals delivered: 0
	Page size (bytes): 4096
	Exit status: 0
