	/projects/bgmp/mkautz/miniforge3/envs/QAA/bin/STAR-avx2 --runThreadN 8 --runMode alignReads --outFilterMultimapNmax 3 --outSAMunmapped Within KeepPairs --alignIntronMax 1000000 --alignMatesGapMax 1000000 --readFilesCommand zcat --readFilesIn /projects/bgmp/mkautz/bioinfo/Bi623/QAA/Part.2/trimmomatic_output/4_1.trimmed.fastq.gz /projects/bgmp/mkautz/bioinfo/Bi623/QAA/Part.2/trimmomatic_output/4_2.trimmed.fastq.gz --genomeDir /projects/bgmp/mkautz/bioinfo/Bi623/QAA/Part.3/Mus_musculus.GRCm39.dna.ens112.STAR_2.7.11b --outFileNamePrefix STAR_alignReads_4
	STAR version: 2.7.11b   compiled: 2024-07-03T14:39:20+0000 :/opt/conda/conda-bld/star_1720017372352/work/source
Sep 08 10:33:17 ..... started STAR run
Sep 08 10:33:17 ..... loading genome
Sep 08 10:33:30 ..... started mapping
Sep 08 10:34:35 ..... finished mapping
Sep 08 10:34:35 ..... finished successfully
	Command being timed: "STAR --runThreadN 8 --runMode alignReads --outFilterMultimapNmax 3 --outSAMunmapped Within KeepPairs --alignIntronMax 1000000 --alignMatesGapMax 1000000 --readFilesCommand zcat --readFilesIn /projects/bgmp/mkautz/bioinfo/Bi623/QAA/Part.2/trimmomatic_output/4_1.trimmed.fastq.gz /projects/bgmp/mkautz/bioinfo/Bi623/QAA/Part.2/trimmomatic_output/4_2.trimmed.fastq.gz --genomeDir /projects/bgmp/mkautz/bioinfo/Bi623/QAA/Part.3/Mus_musculus.GRCm39.dna.ens112.STAR_2.7.11b --outFileNamePrefix STAR_alignReads_4"
	User time (seconds): 451.46
	System time (seconds): 10.05
	Percent of CPU this job got: 585%
	Elapsed (wall clock) time (h:mm:ss or m:ss): 1:18.88
	Average shared text size (kbytes): 0
	Average unshared data size (kbytes): 0
	Average stack size (kbytes): 0
	Average total size (kbytes): 0
	Maximum resident set size (kbytes): 27410496
	Average resident set size (kbytes): 0
	Major (requiring I/O) page faults: 0
	Minor (reclaiming a frame) page faults: 825618
	Voluntary context switches: 66045
	Involuntary context switches: 2279
	Swaps: 0
	File system inputs: 0
	File system outputs: 0
	Socket messages sent: 0
	Socket messages received: 0
	Signals delivered: 0
	Page size (bytes): 4096
	Exit status: 0
	/projects/bgmp/mkautz/miniforge3/envs/QAA/bin/STAR-avx2 --runThreadN 8 --runMode alignReads --outFilterMultimapNmax 3 --outSAMunmapped Within KeepPairs --alignIntronMax 1000000 --alignMatesGapMax 1000000 --readFilesCommand zcat --readFilesIn /projects/bgmp/mkautz/bioinfo/Bi623/QAA/Part.2/trimmomatic_output/34_1.trimmed.fastq.gz /projects/bgmp/mkautz/bioinfo/Bi623/QAA/Part.2/trimmomatic_output/34_2.trimmed.fastq.gz --genomeDir /projects/bgmp/mkautz/bioinfo/Bi623/QAA/Part.3/Mus_musculus.GRCm39.dna.ens112.STAR_2.7.11b --outFileNamePrefix STAR_alignReads_34
	STAR version: 2.7.11b   compiled: 2024-07-03T14:39:20+0000 :/opt/conda/conda-bld/star_1720017372352/work/source
Sep 08 10:34:35 ..... started STAR run
Sep 08 10:34:36 ..... loading genome
Sep 08 10:34:46 ..... started mapping
Sep 08 10:35:45 ..... finished mapping
Sep 08 10:35:45 ..... finished successfully
	Command being timed: "STAR --runThreadN 8 --runMode alignReads --outFilterMultimapNmax 3 --outSAMunmapped Within KeepPairs --alignIntronMax 1000000 --alignMatesGapMax 1000000 --readFilesCommand zcat --readFilesIn /projects/bgmp/mkautz/bioinfo/Bi623/QAA/Part.2/trimmomatic_output/34_1.trimmed.fastq.gz /projects/bgmp/mkautz/bioinfo/Bi623/QAA/Part.2/trimmomatic_output/34_2.trimmed.fastq.gz --genomeDir /projects/bgmp/mkautz/bioinfo/Bi623/QAA/Part.3/Mus_musculus.GRCm39.dna.ens112.STAR_2.7.11b --outFileNamePrefix STAR_alignReads_34"
	User time (seconds): 407.25
	System time (seconds): 9.27
	Percent of CPU this job got: 598%
	Elapsed (wall clock) time (h:mm:ss or m:ss): 1:09.62
	Average shared text size (kbytes): 0
	Average unshared data size (kbytes): 0
	Average stack size (kbytes): 0
	Average total size (kbytes): 0
	Maximum resident set size (kbytes): 27368772
	Average resident set size (kbytes): 0
	Major (requiring I/O) page faults: 0
	Minor (reclaiming a frame) page faults: 1041880
	Voluntary context switches: 63740
	Involuntary context switches: 1643
	Swaps: 0
	File system inputs: 0
	File system outputs: 0
	Socket messages sent: 0
	Socket messages received: 0
	Signals delivered: 0
	Page size (bytes): 4096
	Exit status: 0
