                                 Started job on |	Sep 08 10:34:35
                             Started mapping on |	Sep 08 10:34:46
                                    Finished on |	Sep 08 10:35:45
       Mapping speed, Million of reads per hour |	527.99

                          Number of input reads |	8653141
                      Average input read length |	197
                                    UNIQUE READS:
                   Uniquely mapped reads number |	8048365
                        Uniquely mapped reads % |	93.01%
                          Average mapped length |	196.93
                       Number of splices: Total |	6244280
            Number of splices: Annotated (sjdb) |	6191384
                       Number of splices: GT/AG |	6180382
                       Number of splices: GC/AG |	50872
                       Number of splices: AT/AC |	6749
               Number of splices: Non-canonical |	6277
                      Mismatch rate per base, % |	0.21%
                         Deletion rate per base |	0.01%
                        Deletion average length |	2.28
                        Insertion rate per base |	0.00%
                       Insertion average length |	1.48
                             MULTI-MAPPING READS:
        Number of reads mapped to multiple loci |	369282
             % of reads mapped to multiple loci |	4.27%
        Number of reads mapped to too many loci |	71986
             % of reads mapped to too many loci |	0.83%
                                  UNMAPPED READS:
  Number of reads unmapped: too many mismatches |	0
       % of reads unmapped: too many mismatches |	0.00%
            Number of reads unmapped: too short |	158137
                 % of reads unmapped: too short |	1.83%
                Number of reads unmapped: other |	5371
                     % of reads unmapped: other |	0.06%
                                  CHIMERIC READS:
                       Number of chimeric reads |	0
                            % of chimeric reads |	0.00%
