Started analysis of 4_1.trimmed.fastq.gz
Approx 5% complete for 4_1.trimmed.fastq.gz
Approx 10% complete for 4_1.trimmed.fastq.gz
Approx 15% complete for 4_1.trimmed.fastq.gz
Approx 20% complete for 4_1.trimmed.fastq.gz
Approx 25% complete for 4_1.trimmed.fastq.gz
Approx 30% complete for 4_1.trimmed.fastq.gz
Approx 35% complete for 4_1.trimmed.fastq.gz
Approx 40% complete for 4_1.trimmed.fastq.gz
Approx 45% complete for 4_1.trimmed.fastq.gz
Approx 50% complete for 4_1.trimmed.fastq.gz
Approx 55% complete for 4_1.trimmed.fastq.gz
Approx 60% complete for 4_1.trimmed.fastq.gz
Approx 65% complete for 4_1.trimmed.fastq.gz
Approx 70% complete for 4_1.trimmed.fastq.gz
Approx 75% complete for 4_1.trimmed.fastq.gz
Approx 80% complete for 4_1.trimmed.fastq.gz
Approx 85% complete for 4_1.trimmed.fastq.gz
Approx 90% complete for 4_1.trimmed.fastq.gz
Approx 95% complete for 4_1.trimmed.fastq.gz
Started analysis of 4_2.trimmed.fastq.gz
Approx 5% complete for 4_2.trimmed.fastq.gz
Approx 10% complete for 4_2.trimmed.fastq.gz
Approx 15% complete for 4_2.trimmed.fastq.gz
Approx 20% complete for 4_2.trimmed.fastq.gz
Approx 25% complete for 4_2.trimmed.fastq.gz
Approx 30% complete for 4_2.trimmed.fastq.gz
Approx 35% complete for 4_2.trimmed.fastq.gz
Approx 40% complete for 4_2.trimmed.fastq.gz
Approx 45% complete for 4_2.trimmed.fastq.gz
Approx 50% complete for 4_2.trimmed.fastq.gz
Approx 55% complete for 4_2.trimmed.fastq.gz
Approx 60% complete for 4_2.trimmed.fastq.gz
Approx 65% complete for 4_2.trimmed.fastq.gz
Approx 70% complete for 4_2.trimmed.fastq.gz
Approx 75% complete for 4_2.trimmed.fastq.gz
Approx 80% complete for 4_2.trimmed.fastq.gz
Approx 85% complete for 4_2.trimmed.fastq.gz
Approx 90% complete for 4_2.trimmed.fastq.gz
Approx 95% complete for 4_2.trimmed.fastq.gz
	Command being timed: "fastqc -o /projects/bgmp/mkautz/bioinfo/Bi623/QAA/Part.2/fastqc_trimmed/ /projects/bgmp/mkautz/bioinfo/Bi623/QAA/Part.2/trimmomatic_output/4_1.trimmed.fastq.gz /projects/bgmp/mkautz/bioinfo/Bi623/QAA/Part.2/trimmomatic_output/4_2.trimmed.fastq.gz"
	User time (seconds): 70.92
	System time (seconds): 2.95
	Percent of CPU this job got: 94%
	Elapsed (wall clock) time (h:mm:ss or m:ss): 1:17.91
	Average shared text size (kbytes): 0
	Average unshared data size (kbytes): 0
	Average stack size (kbytes): 0
	Average total size (kbytes): 0
	Maximum resident set size (kbytes): 206616
	Average resident set size (kbytes): 0
	Major (requiring I/O) page faults: 9
	Minor (reclaiming a frame) page faults: 84104
	Voluntary context switches: 8105
	Involuntary context switches: 2356
	Swaps: 0
	File system inputs: 736
	File system outputs: 4928
	Socket messages sent: 0
	Socket messages received: 0
	Signals delivered: 0
	Page size (bytes): 4096
	Exit status: 0
Started analysis of 34_1.trimmed.fastq.gz
Approx 5% complete for 34_1.trimmed.fastq.gz
Approx 10% complete for 34_1.trimmed.fastq.gz
Approx 15% complete for 34_1.trimmed.fastq.gz
Approx 20% complete for 34_1.trimmed.fastq.gz
Approx 25% complete for 34_1.trimmed.fastq.gz
Approx 30% complete for 34_1.trimmed.fastq.gz
Approx 35% complete for 34_1.trimmed.fastq.gz
Approx 40% complete for 34_1.trimmed.fastq.gz
Approx 45% complete for 34_1.trimmed.fastq.gz
Approx 50% complete for 34_1.trimmed.fastq.gz
Approx 55% complete for 34_1.trimmed.fastq.gz
Approx 60% complete for 34_1.trimmed.fastq.gz
Approx 65% complete for 34_1.trimmed.fastq.gz
Approx 70% complete for 34_1.trimmed.fastq.gz
Approx 75% complete for 34_1.trimmed.fastq.gz
Approx 80% complete for 34_1.trimmed.fastq.gz
Approx 85% complete for 34_1.trimmed.fastq.gz
Approx 90% complete for 34_1.trimmed.fastq.gz
Approx 95% complete for 34_1.trimmed.fastq.gz
Started analysis of 34_2.trimmed.fastq.gz
Approx 5% complete for 34_2.trimmed.fastq.gz
Approx 10% complete for 34_2.trimmed.fastq.gz
Approx 15% complete for 34_2.trimmed.fastq.gz
Approx 20% complete for 34_2.trimmed.fastq.gz
Approx 25% complete for 34_2.trimmed.fastq.gz
Approx 30% complete for 34_2.trimmed.fastq.gz
Approx 35% complete for 34_2.trimmed.fastq.gz
Approx 40% complete for 34_2.trimmed.fastq.gz
Approx 45% complete for 34_2.trimmed.fastq.gz
Approx 50% complete for 34_2.trimmed.fastq.gz
Approx 55% complete for 34_2.trimmed.fastq.gz
Approx 60% complete for 34_2.trimmed.fastq.gz
Approx 65% complete for 34_2.trimmed.fastq.gz
Approx 70% complete for 34_2.trimmed.fastq.gz
Approx 75% complete for 34_2.trimmed.fastq.gz
Approx 80% complete for 34_2.trimmed.fastq.gz
Approx 85% complete for 34_2.trimmed.fastq.gz
Approx 90% complete for 34_2.trimmed.fastq.gz
Approx 95% complete for 34_2.trimmed.fastq.gz
	Command being timed: "fastqc -o /projects/bgmp/mkautz/bioinfo/Bi623/QAA/Part.2/fastqc_trimmed/ /projects/bgmp/mkautz/bioinfo/Bi623/QAA/Part.2/trimmomatic_output/34_1.trimmed.fastq.gz /projects/bgmp/mkautz/bioinfo/Bi623/QAA/Part.2/trimmomatic_output/34_2.trimmed.fastq.gz"
	User time (seconds): 66.75
	System time (seconds): 2.88
	Percent of CPU this job got: 98%
	Elapsed (wall clock) time (h:mm:ss or m:ss): 1:10.52
	Average shared text size (kbytes): 0
	Average unshared data size (kbytes): 0
	Average stack size (kbytes): 0
	Average total size (kbytes): 0
	Maximum resident set size (kbytes): 196472
	Average resident set size (kbytes): 0
	Major (requiring I/O) page faults: 0
	Minor (reclaiming a frame) page faults: 79762
	Voluntary context switches: 6733
	Involuntary context switches: 2485
	Swaps: 0
	File system inputs: 0
	File system outputs: 4880
	Socket messages sent: 0
	Socket messages received: 0
	Signals delivered: 0
	Page size (bytes): 4096
	Exit status: 0
