TrimmomaticPE: Started with arguments:
 /projects/bgmp/mkautz/bioinfo/Bi623/QAA/cutadapt_output/cutadapt_4_1.fastq.gz /projects/bgmp/mkautz/bioinfo/Bi623/QAA/cutadapt_output/cutadapt_4_2.fastq.gz 4_1.trimmed.fastq.gz 4_1.un.trimmed.fastq.gz 4_2.trimmed.fastq.gz 4_2.un.trimmed.fastq.gz LEADING:3 TRAILING:3 SLIDINGWINDOW:5:15 MINLEN:35
Quality encoding detected as phred33
Input Read Pairs: 9265284 Both Surviving: 8980380 (96.93%) Forward Only Surviving: 271007 (2.92%) Reverse Only Surviving: 6267 (0.07%) Dropped: 7630 (0.08%)
TrimmomaticPE: Completed successfully
	Command being timed: "trimmomatic PE /projects/bgmp/mkautz/bioinfo/Bi623/QAA/cutadapt_output/cutadapt_4_1.fastq.gz /projects/bgmp/mkautz/bioinfo/Bi623/QAA/cutadapt_output/cutadapt_4_2.fastq.gz 4_1.trimmed.fastq.gz 4_1.un.trimmed.fastq.gz 4_2.trimmed.fastq.gz 4_2.un.trimmed.fastq.gz LEADING:3 TRAILING:3 SLIDINGWINDOW:5:15 MINLEN:35"
	User time (seconds): 423.51
	System time (seconds): 7.10
	Percent of CPU this job got: 97%
	Elapsed (wall clock) time (h:mm:ss or m:ss): 7:19.86
	Average shared text size (kbytes): 0
	Average unshared data size (kbytes): 0
	Average stack size (kbytes): 0
	Average total size (kbytes): 0
	Maximum resident set size (kbytes): 194236
	Average resident set size (kbytes): 0
	Major (requiring I/O) page faults: 0
	Minor (reclaiming a frame) page faults: 37475
	Voluntary context switches: 14283
	Involuntary context switches: 13634
	Swaps: 0
	File system inputs: 0
	File system outputs: 2816
	Socket messages sent: 0
	Socket messages received: 0
	Signals delivered: 0
	Page size (bytes): 4096
	Exit status: 0
TrimmomaticPE: Started with arguments:
 /projects/bgmp/mkautz/bioinfo/Bi623/QAA/cutadapt_output/cutadapt_34_1.fastq.gz /projects/bgmp/mkautz/bioinfo/Bi623/QAA/cutadapt_output/cutadapt_34_2.fastq.gz 34_1.trimmed.fastq.gz 34_1.un.trimmed.fastq.gz 34_2.trimmed.fastq.gz 34_2.un.trimmed.fastq.gz LEADING:3 TRAILING:3 SLIDINGWINDOW:5:15 MINLEN:35
Quality encoding detected as phred33
Input Read Pairs: 9040597 Both Surviving: 8653141 (95.71%) Forward Only Surviving: 358948 (3.97%) Reverse Only Surviving: 6683 (0.07%) Dropped: 21825 (0.24%)
TrimmomaticPE: Completed successfully
	Command being timed: "trimmomatic PE /projects/bgmp/mkautz/bioinfo/Bi623/QAA/cutadapt_output/cutadapt_34_1.fastq.gz /projects/bgmp/mkautz/bioinfo/Bi623/QAA/cutadapt_output/cutadapt_34_2.fastq.gz 34_1.trimmed.fastq.gz 34_1.un.trimmed.fastq.gz 34_2.trimmed.fastq.gz 34_2.un.trimmed.fastq.gz LEADING:3 TRAILING:3 SLIDINGWINDOW:5:15 MINLEN:35"
	User time (seconds): 413.12
	System time (seconds): 7.05
	Percent of CPU this job got: 96%
	Elapsed (wall clock) time (h:mm:ss or m:ss): 7:14.53
	Average shared text size (kbytes): 0
	Average unshared data size (kbytes): 0
	Average stack size (kbytes): 0
	Average total size (kbytes): 0
	Maximum resident set size (kbytes): 192560
	Average resident set size (kbytes): 0
	Major (requiring I/O) page faults: 0
	Minor (reclaiming a frame) page faults: 35728
	Voluntary context switches: 12507
	Involuntary context switches: 12549
	Swaps: 0
	File system inputs: 0
	File system outputs: 1632
	Socket messages sent: 0
	Socket messages received: 0
	Signals delivered: 0
	Page size (bytes): 4096
	Exit status: 0
